[
    {
        "name": "50 airspace",
        "url": "https://salmon-worm-461509.hostingersite.com/test//Tlist-100/50 airspace",
        "error": "Page.goto: Timeout 60000ms exceeded.\nCall log:\n  - navigating to \"https://salmon-worm-461509.hostingersite.com/test//Tlist-100/50%20airspace\", waiting until \"load\"\n"
    },
    {
        "name": "airspace-free-html5-agency-template",
        "url": "https://salmon-worm-461509.hostingersite.com/test//themefisher/airspace-free-html5-agency-template",
        "error": "Page.goto: Timeout 60000ms exceeded.\nCall log:\n  - navigating to \"https://salmon-worm-461509.hostingersite.com/test//themefisher/airspace-free-html5-agency-template\", waiting until \"load\"\n"
    },
    {
        "name": "Design4Profit",
        "url": "https://salmon-worm-461509.hostingersite.com/test//themefisher/Design4Profit",
        "error": "Page.goto: Timeout 60000ms exceeded.\nCall log:\n  - navigating to \"https://salmon-worm-461509.hostingersite.com/test//themefisher/Design4Profit\", waiting until \"load\"\n"
    },
    {
        "name": "quick-business",
        "url": "https://salmon-worm-461509.hostingersite.com/test//themefisher/quick-bootstrap/quick-business",
        "error": "Page.goto: Timeout 60000ms exceeded.\nCall log:\n  - navigating to \"https://salmon-worm-461509.hostingersite.com/test//themefisher/quick-bootstrap/quick-business\", waiting until \"load\"\n"
    },
    {
        "name": "quick-portfolio",
        "url": "https://salmon-worm-461509.hostingersite.com/test//themefisher/quick-bootstrap/quick-portfolio",
        "error": "Page.goto: Timeout 60000ms exceeded.\nCall log:\n  - navigating to \"https://salmon-worm-461509.hostingersite.com/test//themefisher/quick-bootstrap/quick-portfolio\", waiting until \"load\"\n"
    },
    {
        "name": "Youtuber",
        "url": "https://salmon-worm-461509.hostingersite.com/test//themefisher/Youtuber",
        "error": "Timeout 30000ms exceeded."
    }
]